2018-05-16 17:16:34.017  INFO 7978 --- [main] com.zcy.restaurant.LoggerTest            : Starting LoggerTest on bogon with PID 7978 (started by zhangchunyang in /Users/zhangchunyang/Documents/IdeaProjects/restaurant)
2018-05-16 17:16:34.018  INFO 7978 --- [main] com.zcy.restaurant.LoggerTest            : No active profile set, falling back to default profiles: default
2018-05-16 17:16:34.050  INFO 7978 --- [main] o.s.w.c.s.GenericWebApplicationContext   : Refreshing org.springframework.web.context.support.GenericWebApplicationContext@71687585: startup date [Wed May 16 17:16:34 CST 2018]; root of context hierarchy
2018-05-16 17:16:35.086  INFO 7978 --- [main] o.s.w.s.handler.SimpleUrlHandlerMapping  : Mapped URL path [/**/favicon.ico] onto handler of type [class org.springframework.web.servlet.resource.ResourceHttpRequestHandler]
2018-05-16 17:16:35.271  INFO 7978 --- [main] s.w.s.m.m.a.RequestMappingHandlerAdapter : Looking for @ControllerAdvice: org.springframework.web.context.support.GenericWebApplicationContext@71687585: startup date [Wed May 16 17:16:34 CST 2018]; root of context hierarchy
2018-05-16 17:16:35.335  INFO 7978 --- [main] s.w.s.m.m.a.RequestMappingHandlerMapping : Mapped "{[/error]}" onto public org.springframework.http.ResponseEntity<java.util.Map<java.lang.String, java.lang.Object>> org.springframework.boot.autoconfigure.web.servlet.error.BasicErrorController.error(javax.servlet.http.HttpServletRequest)
2018-05-16 17:16:35.336  INFO 7978 --- [main] s.w.s.m.m.a.RequestMappingHandlerMapping : Mapped "{[/error],produces=[text/html]}" onto public org.springframework.web.servlet.ModelAndView org.springframework.boot.autoconfigure.web.servlet.error.BasicErrorController.errorHtml(javax.servlet.http.HttpServletRequest,javax.servlet.http.HttpServletResponse)
2018-05-16 17:16:35.357  INFO 7978 --- [main] o.s.w.s.handler.SimpleUrlHandlerMapping  : Mapped URL path [/webjars/**] onto handler of type [class org.springframework.web.servlet.resource.ResourceHttpRequestHandler]
2018-05-16 17:16:35.357  INFO 7978 --- [main] o.s.w.s.handler.SimpleUrlHandlerMapping  : Mapped URL path [/**] onto handler of type [class org.springframework.web.servlet.resource.ResourceHttpRequestHandler]
2018-05-16 17:16:35.475  INFO 7978 --- [main] com.zcy.restaurant.LoggerTest            : Started LoggerTest in 1.899 seconds (JVM running for 2.709)
2018-05-16 17:16:35.545  INFO 7978 --- [main] com.zcy.restaurant.LoggerTest            : info...
2018-05-16 17:16:35.545 ERROR 7978 --- [main] com.zcy.restaurant.LoggerTest            : error...
2018-05-16 17:16:35.549  INFO 7978 --- [Thread-2] o.s.w.c.s.GenericWebApplicationContext   : Closing org.springframework.web.context.support.GenericWebApplicationContext@71687585: startup date [Wed May 16 17:16:34 CST 2018]; root of context hierarchy
2018-05-16 17:18:35.060  INFO 8033 --- [main] com.zcy.restaurant.LoggerTest            : Starting LoggerTest on bogon with PID 8033 (started by zhangchunyang in /Users/zhangchunyang/Documents/IdeaProjects/restaurant)
2018-05-16 17:18:35.061 DEBUG 8033 --- [main] com.zcy.restaurant.LoggerTest            : Running with Spring Boot v2.0.2.RELEASE, Spring v5.0.6.RELEASE
2018-05-16 17:18:35.062  INFO 8033 --- [main] com.zcy.restaurant.LoggerTest            : No active profile set, falling back to default profiles: default
2018-05-16 17:18:35.108  INFO 8033 --- [main] o.s.w.c.s.GenericWebApplicationContext   : Refreshing org.springframework.web.context.support.GenericWebApplicationContext@769a1df5: startup date [Wed May 16 17:18:35 CST 2018]; root of context hierarchy
2018-05-16 17:18:36.012  INFO 8033 --- [main] o.s.w.s.handler.SimpleUrlHandlerMapping  : Mapped URL path [/**/favicon.ico] onto handler of type [class org.springframework.web.servlet.resource.ResourceHttpRequestHandler]
2018-05-16 17:18:36.213  INFO 8033 --- [main] s.w.s.m.m.a.RequestMappingHandlerAdapter : Looking for @ControllerAdvice: org.springframework.web.context.support.GenericWebApplicationContext@769a1df5: startup date [Wed May 16 17:18:35 CST 2018]; root of context hierarchy
2018-05-16 17:18:36.277  INFO 8033 --- [main] s.w.s.m.m.a.RequestMappingHandlerMapping : Mapped "{[/error]}" onto public org.springframework.http.ResponseEntity<java.util.Map<java.lang.String, java.lang.Object>> org.springframework.boot.autoconfigure.web.servlet.error.BasicErrorController.error(javax.servlet.http.HttpServletRequest)
2018-05-16 17:18:36.278  INFO 8033 --- [main] s.w.s.m.m.a.RequestMappingHandlerMapping : Mapped "{[/error],produces=[text/html]}" onto public org.springframework.web.servlet.ModelAndView org.springframework.boot.autoconfigure.web.servlet.error.BasicErrorController.errorHtml(javax.servlet.http.HttpServletRequest,javax.servlet.http.HttpServletResponse)
2018-05-16 17:18:36.299  INFO 8033 --- [main] o.s.w.s.handler.SimpleUrlHandlerMapping  : Mapped URL path [/webjars/**] onto handler of type [class org.springframework.web.servlet.resource.ResourceHttpRequestHandler]
2018-05-16 17:18:36.299  INFO 8033 --- [main] o.s.w.s.handler.SimpleUrlHandlerMapping  : Mapped URL path [/**] onto handler of type [class org.springframework.web.servlet.resource.ResourceHttpRequestHandler]
2018-05-16 17:18:36.420  INFO 8033 --- [main] com.zcy.restaurant.LoggerTest            : Started LoggerTest in 1.721 seconds (JVM running for 2.607)
2018-05-16 17:18:36.486 DEBUG 8033 --- [main] com.zcy.restaurant.LoggerTest            : debug...
2018-05-16 17:18:36.486  INFO 8033 --- [main] com.zcy.restaurant.LoggerTest            : info...
2018-05-16 17:18:36.486 ERROR 8033 --- [main] com.zcy.restaurant.LoggerTest            : error...
2018-05-16 17:18:36.489  INFO 8033 --- [Thread-2] o.s.w.c.s.GenericWebApplicationContext   : Closing org.springframework.web.context.support.GenericWebApplicationContext@769a1df5: startup date [Wed May 16 17:18:35 CST 2018]; root of context hierarchy
